2024-11-11 15:04:52.248 [info] Started local extension host with pid 413.
2024-11-11 15:04:56.413 [info] [perf] Render performance baseline is 105ms
2024-11-11 15:11:52.588 [error] Cannot read properties of undefined (reading 'start'): TypeError: Cannot read properties of undefined (reading 'start')
	at t.DefaultCompletionItemProvider.provideCompletionItemsInternal (/usr/share/code/resources/app/extensions/emmet/dist/node/emmetNodeMain.js:1:131508)
	at t.DefaultCompletionItemProvider.provideCompletionItems (/usr/share/code/resources/app/extensions/emmet/dist/node/emmetNodeMain.js:1:129817)
	at eC.provideCompletionItems (file:///usr/share/code/resources/app/out/vs/workbench/api/node/extensionHostProcess.js:137:136391)
	at file:///usr/share/code/resources/app/out/vs/workbench/api/node/extensionHostProcess.js:137:159492
	at tr.s (file:///usr/share/code/resources/app/out/vs/workbench/api/node/extensionHostProcess.js:137:150779)
	at tr.$provideCompletionItems (file:///usr/share/code/resources/app/out/vs/workbench/api/node/extensionHostProcess.js:137:159480)
	at Zb.S (file:///usr/share/code/resources/app/out/vs/workbench/api/node/extensionHostProcess.js:31:113896)
	at Zb.Q (file:///usr/share/code/resources/app/out/vs/workbench/api/node/extensionHostProcess.js:31:113676)
	at Zb.M (file:///usr/share/code/resources/app/out/vs/workbench/api/node/extensionHostProcess.js:31:112727)
	at Zb.L (file:///usr/share/code/resources/app/out/vs/workbench/api/node/extensionHostProcess.js:31:111870)
	at gh.value (file:///usr/share/code/resources/app/out/vs/workbench/api/node/extensionHostProcess.js:31:110667)
	at T.B (file:///usr/share/code/resources/app/out/vs/workbench/api/node/extensionHostProcess.js:29:732)
	at T.fire (file:///usr/share/code/resources/app/out/vs/workbench/api/node/extensionHostProcess.js:29:950)
	at no.fire (file:///usr/share/code/resources/app/out/vs/workbench/api/node/extensionHostProcess.js:31:9399)
	at gh.value (file:///usr/share/code/resources/app/out/vs/workbench/api/node/extensionHostProcess.js:174:13273)
	at T.B (file:///usr/share/code/resources/app/out/vs/workbench/api/node/extensionHostProcess.js:29:732)
	at T.fire (file:///usr/share/code/resources/app/out/vs/workbench/api/node/extensionHostProcess.js:29:950)
	at no.fire (file:///usr/share/code/resources/app/out/vs/workbench/api/node/extensionHostProcess.js:31:9399)
	at MessagePortMain.<anonymous> (file:///usr/share/code/resources/app/out/vs/workbench/api/node/extensionHostProcess.js:174:11562)
	at MessagePortMain.emit (node:events:519:28)
	at MessagePortMain._internalPort.emit (node:electron/js2c/utility_init:2:2619)
2024-11-11 15:11:54.975 [error] Cannot read properties of undefined (reading 'start'): TypeError: Cannot read properties of undefined (reading 'start')
	at t.DefaultCompletionItemProvider.provideCompletionItemsInternal (/usr/share/code/resources/app/extensions/emmet/dist/node/emmetNodeMain.js:1:131508)
	at t.DefaultCompletionItemProvider.provideCompletionItems (/usr/share/code/resources/app/extensions/emmet/dist/node/emmetNodeMain.js:1:129817)
	at eC.provideCompletionItems (file:///usr/share/code/resources/app/out/vs/workbench/api/node/extensionHostProcess.js:137:136391)
	at file:///usr/share/code/resources/app/out/vs/workbench/api/node/extensionHostProcess.js:137:159492
	at tr.s (file:///usr/share/code/resources/app/out/vs/workbench/api/node/extensionHostProcess.js:137:150779)
	at tr.$provideCompletionItems (file:///usr/share/code/resources/app/out/vs/workbench/api/node/extensionHostProcess.js:137:159480)
	at Zb.S (file:///usr/share/code/resources/app/out/vs/workbench/api/node/extensionHostProcess.js:31:113896)
	at Zb.Q (file:///usr/share/code/resources/app/out/vs/workbench/api/node/extensionHostProcess.js:31:113676)
	at Zb.M (file:///usr/share/code/resources/app/out/vs/workbench/api/node/extensionHostProcess.js:31:112727)
	at Zb.L (file:///usr/share/code/resources/app/out/vs/workbench/api/node/extensionHostProcess.js:31:111870)
	at gh.value (file:///usr/share/code/resources/app/out/vs/workbench/api/node/extensionHostProcess.js:31:110667)
	at T.B (file:///usr/share/code/resources/app/out/vs/workbench/api/node/extensionHostProcess.js:29:732)
	at T.fire (file:///usr/share/code/resources/app/out/vs/workbench/api/node/extensionHostProcess.js:29:950)
	at no.fire (file:///usr/share/code/resources/app/out/vs/workbench/api/node/extensionHostProcess.js:31:9399)
	at gh.value (file:///usr/share/code/resources/app/out/vs/workbench/api/node/extensionHostProcess.js:174:13273)
	at T.B (file:///usr/share/code/resources/app/out/vs/workbench/api/node/extensionHostProcess.js:29:732)
	at T.fire (file:///usr/share/code/resources/app/out/vs/workbench/api/node/extensionHostProcess.js:29:950)
	at no.fire (file:///usr/share/code/resources/app/out/vs/workbench/api/node/extensionHostProcess.js:31:9399)
	at MessagePortMain.<anonymous> (file:///usr/share/code/resources/app/out/vs/workbench/api/node/extensionHostProcess.js:174:11562)
	at MessagePortMain.emit (node:events:519:28)
	at MessagePortMain._internalPort.emit (node:electron/js2c/utility_init:2:2619)
2024-11-11 15:11:56.484 [error] Cannot read properties of undefined (reading 'start'): TypeError: Cannot read properties of undefined (reading 'start')
	at t.DefaultCompletionItemProvider.provideCompletionItemsInternal (/usr/share/code/resources/app/extensions/emmet/dist/node/emmetNodeMain.js:1:131508)
	at t.DefaultCompletionItemProvider.provideCompletionItems (/usr/share/code/resources/app/extensions/emmet/dist/node/emmetNodeMain.js:1:129817)
	at eC.provideCompletionItems (file:///usr/share/code/resources/app/out/vs/workbench/api/node/extensionHostProcess.js:137:136391)
	at file:///usr/share/code/resources/app/out/vs/workbench/api/node/extensionHostProcess.js:137:159492
	at tr.s (file:///usr/share/code/resources/app/out/vs/workbench/api/node/extensionHostProcess.js:137:150779)
	at tr.$provideCompletionItems (file:///usr/share/code/resources/app/out/vs/workbench/api/node/extensionHostProcess.js:137:159480)
	at Zb.S (file:///usr/share/code/resources/app/out/vs/workbench/api/node/extensionHostProcess.js:31:113896)
	at Zb.Q (file:///usr/share/code/resources/app/out/vs/workbench/api/node/extensionHostProcess.js:31:113676)
	at Zb.M (file:///usr/share/code/resources/app/out/vs/workbench/api/node/extensionHostProcess.js:31:112727)
	at Zb.L (file:///usr/share/code/resources/app/out/vs/workbench/api/node/extensionHostProcess.js:31:111870)
	at gh.value (file:///usr/share/code/resources/app/out/vs/workbench/api/node/extensionHostProcess.js:31:110667)
	at T.B (file:///usr/share/code/resources/app/out/vs/workbench/api/node/extensionHostProcess.js:29:732)
	at T.fire (file:///usr/share/code/resources/app/out/vs/workbench/api/node/extensionHostProcess.js:29:950)
	at no.fire (file:///usr/share/code/resources/app/out/vs/workbench/api/node/extensionHostProcess.js:31:9399)
	at gh.value (file:///usr/share/code/resources/app/out/vs/workbench/api/node/extensionHostProcess.js:174:13273)
	at T.B (file:///usr/share/code/resources/app/out/vs/workbench/api/node/extensionHostProcess.js:29:732)
	at T.fire (file:///usr/share/code/resources/app/out/vs/workbench/api/node/extensionHostProcess.js:29:950)
	at no.fire (file:///usr/share/code/resources/app/out/vs/workbench/api/node/extensionHostProcess.js:31:9399)
	at MessagePortMain.<anonymous> (file:///usr/share/code/resources/app/out/vs/workbench/api/node/extensionHostProcess.js:174:11562)
	at MessagePortMain.emit (node:events:519:28)
	at MessagePortMain._internalPort.emit (node:electron/js2c/utility_init:2:2619)
2024-11-11 15:12:00.943 [error] Cannot read properties of undefined (reading 'start'): TypeError: Cannot read properties of undefined (reading 'start')
	at t.DefaultCompletionItemProvider.provideCompletionItemsInternal (/usr/share/code/resources/app/extensions/emmet/dist/node/emmetNodeMain.js:1:131508)
	at t.DefaultCompletionItemProvider.provideCompletionItems (/usr/share/code/resources/app/extensions/emmet/dist/node/emmetNodeMain.js:1:129817)
	at eC.provideCompletionItems (file:///usr/share/code/resources/app/out/vs/workbench/api/node/extensionHostProcess.js:137:136391)
	at file:///usr/share/code/resources/app/out/vs/workbench/api/node/extensionHostProcess.js:137:159492
	at tr.s (file:///usr/share/code/resources/app/out/vs/workbench/api/node/extensionHostProcess.js:137:150779)
	at tr.$provideCompletionItems (file:///usr/share/code/resources/app/out/vs/workbench/api/node/extensionHostProcess.js:137:159480)
	at Zb.S (file:///usr/share/code/resources/app/out/vs/workbench/api/node/extensionHostProcess.js:31:113896)
	at Zb.Q (file:///usr/share/code/resources/app/out/vs/workbench/api/node/extensionHostProcess.js:31:113676)
	at Zb.M (file:///usr/share/code/resources/app/out/vs/workbench/api/node/extensionHostProcess.js:31:112727)
	at Zb.L (file:///usr/share/code/resources/app/out/vs/workbench/api/node/extensionHostProcess.js:31:111870)
	at gh.value (file:///usr/share/code/resources/app/out/vs/workbench/api/node/extensionHostProcess.js:31:110667)
	at T.B (file:///usr/share/code/resources/app/out/vs/workbench/api/node/extensionHostProcess.js:29:732)
	at T.fire (file:///usr/share/code/resources/app/out/vs/workbench/api/node/extensionHostProcess.js:29:950)
	at no.fire (file:///usr/share/code/resources/app/out/vs/workbench/api/node/extensionHostProcess.js:31:9399)
	at gh.value (file:///usr/share/code/resources/app/out/vs/workbench/api/node/extensionHostProcess.js:174:13273)
	at T.B (file:///usr/share/code/resources/app/out/vs/workbench/api/node/extensionHostProcess.js:29:732)
	at T.fire (file:///usr/share/code/resources/app/out/vs/workbench/api/node/extensionHostProcess.js:29:950)
	at no.fire (file:///usr/share/code/resources/app/out/vs/workbench/api/node/extensionHostProcess.js:31:9399)
	at MessagePortMain.<anonymous> (file:///usr/share/code/resources/app/out/vs/workbench/api/node/extensionHostProcess.js:174:11562)
	at MessagePortMain.emit (node:events:519:28)
	at MessagePortMain._internalPort.emit (node:electron/js2c/utility_init:2:2619)
2024-11-11 15:12:07.323 [error] Cannot read properties of undefined (reading 'start'): TypeError: Cannot read properties of undefined (reading 'start')
	at t.DefaultCompletionItemProvider.provideCompletionItemsInternal (/usr/share/code/resources/app/extensions/emmet/dist/node/emmetNodeMain.js:1:131508)
	at t.DefaultCompletionItemProvider.provideCompletionItems (/usr/share/code/resources/app/extensions/emmet/dist/node/emmetNodeMain.js:1:129817)
	at eC.provideCompletionItems (file:///usr/share/code/resources/app/out/vs/workbench/api/node/extensionHostProcess.js:137:136391)
	at file:///usr/share/code/resources/app/out/vs/workbench/api/node/extensionHostProcess.js:137:159492
	at tr.s (file:///usr/share/code/resources/app/out/vs/workbench/api/node/extensionHostProcess.js:137:150779)
	at tr.$provideCompletionItems (file:///usr/share/code/resources/app/out/vs/workbench/api/node/extensionHostProcess.js:137:159480)
	at Zb.S (file:///usr/share/code/resources/app/out/vs/workbench/api/node/extensionHostProcess.js:31:113896)
	at Zb.Q (file:///usr/share/code/resources/app/out/vs/workbench/api/node/extensionHostProcess.js:31:113676)
	at Zb.M (file:///usr/share/code/resources/app/out/vs/workbench/api/node/extensionHostProcess.js:31:112727)
	at Zb.L (file:///usr/share/code/resources/app/out/vs/workbench/api/node/extensionHostProcess.js:31:111870)
	at gh.value (file:///usr/share/code/resources/app/out/vs/workbench/api/node/extensionHostProcess.js:31:110667)
	at T.B (file:///usr/share/code/resources/app/out/vs/workbench/api/node/extensionHostProcess.js:29:732)
	at T.fire (file:///usr/share/code/resources/app/out/vs/workbench/api/node/extensionHostProcess.js:29:950)
	at no.fire (file:///usr/share/code/resources/app/out/vs/workbench/api/node/extensionHostProcess.js:31:9399)
	at gh.value (file:///usr/share/code/resources/app/out/vs/workbench/api/node/extensionHostProcess.js:174:13273)
	at T.B (file:///usr/share/code/resources/app/out/vs/workbench/api/node/extensionHostProcess.js:29:732)
	at T.fire (file:///usr/share/code/resources/app/out/vs/workbench/api/node/extensionHostProcess.js:29:950)
	at no.fire (file:///usr/share/code/resources/app/out/vs/workbench/api/node/extensionHostProcess.js:31:9399)
	at MessagePortMain.<anonymous> (file:///usr/share/code/resources/app/out/vs/workbench/api/node/extensionHostProcess.js:174:11562)
	at MessagePortMain.emit (node:events:519:28)
	at MessagePortMain._internalPort.emit (node:electron/js2c/utility_init:2:2619)
