2024-11-11 15:04:54.078 [info] Extension host with pid 413 started
2024-11-11 15:04:54.079 [info] Skipping acquiring lock for /home/amiafischer/.config/Code/User/workspaceStorage/ae69b9e04a6c67ec37f7c4d3734b5dd0.
2024-11-11 15:04:54.676 [info] ExtensionService#_doActivateExtension vscode.emmet, startup: false, activationEvent: 'onLanguage'
2024-11-11 15:04:54.749 [info] ExtensionService#_doActivateExtension vscode.html-language-features, startup: false, activationEvent: 'onLanguage:html'
2024-11-11 15:04:56.013 [info] ExtensionService#_doActivateExtension vscode.git-base, startup: true, activationEvent: '*', root cause: vscode.git
2024-11-11 15:04:56.358 [info] ExtensionService#_doActivateExtension vscode.git, startup: true, activationEvent: '*'
2024-11-11 15:04:56.583 [info] ExtensionService#_doActivateExtension vscode.github, startup: true, activationEvent: '*'
2024-11-11 15:04:57.170 [info] Eager extensions activated
2024-11-11 15:04:57.246 [info] ExtensionService#_doActivateExtension vscode.debug-auto-launch, startup: false, activationEvent: 'onStartupFinished'
2024-11-11 15:04:57.254 [info] ExtensionService#_doActivateExtension vscode.merge-conflict, startup: false, activationEvent: 'onStartupFinished'
2024-11-11 15:04:57.430 [info] ExtensionService#_doActivateExtension ritwickdey.LiveServer, startup: false, activationEvent: 'onStartupFinished'
2024-11-11 15:04:57.478 [info] ExtensionService#_doActivateExtension vscode-icons-team.vscode-icons, startup: false, activationEvent: 'onStartupFinished'
2024-11-11 15:11:52.566 [error] [vscode.emmet] provider FAILED
2024-11-11 15:11:52.568 [error] TypeError: Cannot read properties of undefined (reading 'start')
	at t.DefaultCompletionItemProvider.provideCompletionItemsInternal (/usr/share/code/resources/app/extensions/emmet/dist/node/emmetNodeMain.js:1:131508)
	at t.DefaultCompletionItemProvider.provideCompletionItems (/usr/share/code/resources/app/extensions/emmet/dist/node/emmetNodeMain.js:1:129817)
	at eC.provideCompletionItems (file:///usr/share/code/resources/app/out/vs/workbench/api/node/extensionHostProcess.js:137:136391)
	at file:///usr/share/code/resources/app/out/vs/workbench/api/node/extensionHostProcess.js:137:159492
	at tr.s (file:///usr/share/code/resources/app/out/vs/workbench/api/node/extensionHostProcess.js:137:150779)
	at tr.$provideCompletionItems (file:///usr/share/code/resources/app/out/vs/workbench/api/node/extensionHostProcess.js:137:159480)
	at Zb.S (file:///usr/share/code/resources/app/out/vs/workbench/api/node/extensionHostProcess.js:31:113896)
	at Zb.Q (file:///usr/share/code/resources/app/out/vs/workbench/api/node/extensionHostProcess.js:31:113676)
	at Zb.M (file:///usr/share/code/resources/app/out/vs/workbench/api/node/extensionHostProcess.js:31:112727)
	at Zb.L (file:///usr/share/code/resources/app/out/vs/workbench/api/node/extensionHostProcess.js:31:111870)
	at gh.value (file:///usr/share/code/resources/app/out/vs/workbench/api/node/extensionHostProcess.js:31:110667)
	at T.B (file:///usr/share/code/resources/app/out/vs/workbench/api/node/extensionHostProcess.js:29:732)
	at T.fire (file:///usr/share/code/resources/app/out/vs/workbench/api/node/extensionHostProcess.js:29:950)
	at no.fire (file:///usr/share/code/resources/app/out/vs/workbench/api/node/extensionHostProcess.js:31:9399)
	at gh.value (file:///usr/share/code/resources/app/out/vs/workbench/api/node/extensionHostProcess.js:174:13273)
	at T.B (file:///usr/share/code/resources/app/out/vs/workbench/api/node/extensionHostProcess.js:29:732)
	at T.fire (file:///usr/share/code/resources/app/out/vs/workbench/api/node/extensionHostProcess.js:29:950)
	at no.fire (file:///usr/share/code/resources/app/out/vs/workbench/api/node/extensionHostProcess.js:31:9399)
	at MessagePortMain.<anonymous> (file:///usr/share/code/resources/app/out/vs/workbench/api/node/extensionHostProcess.js:174:11562)
	at MessagePortMain.emit (node:events:519:28)
	at MessagePortMain._internalPort.emit (node:electron/js2c/utility_init:2:2619)
2024-11-11 15:11:54.965 [error] [vscode.emmet] provider FAILED
2024-11-11 15:11:54.965 [error] TypeError: Cannot read properties of undefined (reading 'start')
	at t.DefaultCompletionItemProvider.provideCompletionItemsInternal (/usr/share/code/resources/app/extensions/emmet/dist/node/emmetNodeMain.js:1:131508)
	at t.DefaultCompletionItemProvider.provideCompletionItems (/usr/share/code/resources/app/extensions/emmet/dist/node/emmetNodeMain.js:1:129817)
	at eC.provideCompletionItems (file:///usr/share/code/resources/app/out/vs/workbench/api/node/extensionHostProcess.js:137:136391)
	at file:///usr/share/code/resources/app/out/vs/workbench/api/node/extensionHostProcess.js:137:159492
	at tr.s (file:///usr/share/code/resources/app/out/vs/workbench/api/node/extensionHostProcess.js:137:150779)
	at tr.$provideCompletionItems (file:///usr/share/code/resources/app/out/vs/workbench/api/node/extensionHostProcess.js:137:159480)
	at Zb.S (file:///usr/share/code/resources/app/out/vs/workbench/api/node/extensionHostProcess.js:31:113896)
	at Zb.Q (file:///usr/share/code/resources/app/out/vs/workbench/api/node/extensionHostProcess.js:31:113676)
	at Zb.M (file:///usr/share/code/resources/app/out/vs/workbench/api/node/extensionHostProcess.js:31:112727)
	at Zb.L (file:///usr/share/code/resources/app/out/vs/workbench/api/node/extensionHostProcess.js:31:111870)
	at gh.value (file:///usr/share/code/resources/app/out/vs/workbench/api/node/extensionHostProcess.js:31:110667)
	at T.B (file:///usr/share/code/resources/app/out/vs/workbench/api/node/extensionHostProcess.js:29:732)
	at T.fire (file:///usr/share/code/resources/app/out/vs/workbench/api/node/extensionHostProcess.js:29:950)
	at no.fire (file:///usr/share/code/resources/app/out/vs/workbench/api/node/extensionHostProcess.js:31:9399)
	at gh.value (file:///usr/share/code/resources/app/out/vs/workbench/api/node/extensionHostProcess.js:174:13273)
	at T.B (file:///usr/share/code/resources/app/out/vs/workbench/api/node/extensionHostProcess.js:29:732)
	at T.fire (file:///usr/share/code/resources/app/out/vs/workbench/api/node/extensionHostProcess.js:29:950)
	at no.fire (file:///usr/share/code/resources/app/out/vs/workbench/api/node/extensionHostProcess.js:31:9399)
	at MessagePortMain.<anonymous> (file:///usr/share/code/resources/app/out/vs/workbench/api/node/extensionHostProcess.js:174:11562)
	at MessagePortMain.emit (node:events:519:28)
	at MessagePortMain._internalPort.emit (node:electron/js2c/utility_init:2:2619)
2024-11-11 15:11:55.190 [error] [vscode.emmet] provider FAILED
2024-11-11 15:11:55.190 [error] TypeError: Cannot read properties of undefined (reading 'start')
	at t.DefaultCompletionItemProvider.provideCompletionItemsInternal (/usr/share/code/resources/app/extensions/emmet/dist/node/emmetNodeMain.js:1:131508)
	at t.DefaultCompletionItemProvider.provideCompletionItems (/usr/share/code/resources/app/extensions/emmet/dist/node/emmetNodeMain.js:1:129817)
	at eC.provideCompletionItems (file:///usr/share/code/resources/app/out/vs/workbench/api/node/extensionHostProcess.js:137:136391)
	at file:///usr/share/code/resources/app/out/vs/workbench/api/node/extensionHostProcess.js:137:159492
	at tr.s (file:///usr/share/code/resources/app/out/vs/workbench/api/node/extensionHostProcess.js:137:150779)
	at tr.$provideCompletionItems (file:///usr/share/code/resources/app/out/vs/workbench/api/node/extensionHostProcess.js:137:159480)
	at Zb.S (file:///usr/share/code/resources/app/out/vs/workbench/api/node/extensionHostProcess.js:31:113896)
	at Zb.Q (file:///usr/share/code/resources/app/out/vs/workbench/api/node/extensionHostProcess.js:31:113676)
	at Zb.M (file:///usr/share/code/resources/app/out/vs/workbench/api/node/extensionHostProcess.js:31:112727)
	at Zb.L (file:///usr/share/code/resources/app/out/vs/workbench/api/node/extensionHostProcess.js:31:111870)
	at gh.value (file:///usr/share/code/resources/app/out/vs/workbench/api/node/extensionHostProcess.js:31:110667)
	at T.B (file:///usr/share/code/resources/app/out/vs/workbench/api/node/extensionHostProcess.js:29:732)
	at T.fire (file:///usr/share/code/resources/app/out/vs/workbench/api/node/extensionHostProcess.js:29:950)
	at no.fire (file:///usr/share/code/resources/app/out/vs/workbench/api/node/extensionHostProcess.js:31:9399)
	at gh.value (file:///usr/share/code/resources/app/out/vs/workbench/api/node/extensionHostProcess.js:174:13273)
	at T.B (file:///usr/share/code/resources/app/out/vs/workbench/api/node/extensionHostProcess.js:29:732)
	at T.fire (file:///usr/share/code/resources/app/out/vs/workbench/api/node/extensionHostProcess.js:29:950)
	at no.fire (file:///usr/share/code/resources/app/out/vs/workbench/api/node/extensionHostProcess.js:31:9399)
	at MessagePortMain.<anonymous> (file:///usr/share/code/resources/app/out/vs/workbench/api/node/extensionHostProcess.js:174:11562)
	at MessagePortMain.emit (node:events:519:28)
	at MessagePortMain._internalPort.emit (node:electron/js2c/utility_init:2:2619)
2024-11-11 15:11:56.453 [error] [vscode.emmet] provider FAILED
2024-11-11 15:11:56.453 [error] TypeError: Cannot read properties of undefined (reading 'start')
	at t.DefaultCompletionItemProvider.provideCompletionItemsInternal (/usr/share/code/resources/app/extensions/emmet/dist/node/emmetNodeMain.js:1:131508)
	at t.DefaultCompletionItemProvider.provideCompletionItems (/usr/share/code/resources/app/extensions/emmet/dist/node/emmetNodeMain.js:1:129817)
	at eC.provideCompletionItems (file:///usr/share/code/resources/app/out/vs/workbench/api/node/extensionHostProcess.js:137:136391)
	at file:///usr/share/code/resources/app/out/vs/workbench/api/node/extensionHostProcess.js:137:159492
	at tr.s (file:///usr/share/code/resources/app/out/vs/workbench/api/node/extensionHostProcess.js:137:150779)
	at tr.$provideCompletionItems (file:///usr/share/code/resources/app/out/vs/workbench/api/node/extensionHostProcess.js:137:159480)
	at Zb.S (file:///usr/share/code/resources/app/out/vs/workbench/api/node/extensionHostProcess.js:31:113896)
	at Zb.Q (file:///usr/share/code/resources/app/out/vs/workbench/api/node/extensionHostProcess.js:31:113676)
	at Zb.M (file:///usr/share/code/resources/app/out/vs/workbench/api/node/extensionHostProcess.js:31:112727)
	at Zb.L (file:///usr/share/code/resources/app/out/vs/workbench/api/node/extensionHostProcess.js:31:111870)
	at gh.value (file:///usr/share/code/resources/app/out/vs/workbench/api/node/extensionHostProcess.js:31:110667)
	at T.B (file:///usr/share/code/resources/app/out/vs/workbench/api/node/extensionHostProcess.js:29:732)
	at T.fire (file:///usr/share/code/resources/app/out/vs/workbench/api/node/extensionHostProcess.js:29:950)
	at no.fire (file:///usr/share/code/resources/app/out/vs/workbench/api/node/extensionHostProcess.js:31:9399)
	at gh.value (file:///usr/share/code/resources/app/out/vs/workbench/api/node/extensionHostProcess.js:174:13273)
	at T.B (file:///usr/share/code/resources/app/out/vs/workbench/api/node/extensionHostProcess.js:29:732)
	at T.fire (file:///usr/share/code/resources/app/out/vs/workbench/api/node/extensionHostProcess.js:29:950)
	at no.fire (file:///usr/share/code/resources/app/out/vs/workbench/api/node/extensionHostProcess.js:31:9399)
	at MessagePortMain.<anonymous> (file:///usr/share/code/resources/app/out/vs/workbench/api/node/extensionHostProcess.js:174:11562)
	at MessagePortMain.emit (node:events:519:28)
	at MessagePortMain._internalPort.emit (node:electron/js2c/utility_init:2:2619)
2024-11-11 15:11:57.132 [error] [vscode.emmet] provider FAILED
2024-11-11 15:11:57.132 [error] TypeError: Cannot read properties of undefined (reading 'start')
	at t.DefaultCompletionItemProvider.provideCompletionItemsInternal (/usr/share/code/resources/app/extensions/emmet/dist/node/emmetNodeMain.js:1:131508)
	at t.DefaultCompletionItemProvider.provideCompletionItems (/usr/share/code/resources/app/extensions/emmet/dist/node/emmetNodeMain.js:1:129817)
	at eC.provideCompletionItems (file:///usr/share/code/resources/app/out/vs/workbench/api/node/extensionHostProcess.js:137:136391)
	at file:///usr/share/code/resources/app/out/vs/workbench/api/node/extensionHostProcess.js:137:159492
	at tr.s (file:///usr/share/code/resources/app/out/vs/workbench/api/node/extensionHostProcess.js:137:150779)
	at tr.$provideCompletionItems (file:///usr/share/code/resources/app/out/vs/workbench/api/node/extensionHostProcess.js:137:159480)
	at Zb.S (file:///usr/share/code/resources/app/out/vs/workbench/api/node/extensionHostProcess.js:31:113896)
	at Zb.Q (file:///usr/share/code/resources/app/out/vs/workbench/api/node/extensionHostProcess.js:31:113676)
	at Zb.M (file:///usr/share/code/resources/app/out/vs/workbench/api/node/extensionHostProcess.js:31:112727)
	at Zb.L (file:///usr/share/code/resources/app/out/vs/workbench/api/node/extensionHostProcess.js:31:111870)
	at gh.value (file:///usr/share/code/resources/app/out/vs/workbench/api/node/extensionHostProcess.js:31:110667)
	at T.B (file:///usr/share/code/resources/app/out/vs/workbench/api/node/extensionHostProcess.js:29:732)
	at T.fire (file:///usr/share/code/resources/app/out/vs/workbench/api/node/extensionHostProcess.js:29:950)
	at no.fire (file:///usr/share/code/resources/app/out/vs/workbench/api/node/extensionHostProcess.js:31:9399)
	at gh.value (file:///usr/share/code/resources/app/out/vs/workbench/api/node/extensionHostProcess.js:174:13273)
	at T.B (file:///usr/share/code/resources/app/out/vs/workbench/api/node/extensionHostProcess.js:29:732)
	at T.fire (file:///usr/share/code/resources/app/out/vs/workbench/api/node/extensionHostProcess.js:29:950)
	at no.fire (file:///usr/share/code/resources/app/out/vs/workbench/api/node/extensionHostProcess.js:31:9399)
	at MessagePortMain.<anonymous> (file:///usr/share/code/resources/app/out/vs/workbench/api/node/extensionHostProcess.js:174:11562)
	at MessagePortMain.emit (node:events:519:28)
	at MessagePortMain._internalPort.emit (node:electron/js2c/utility_init:2:2619)
2024-11-11 15:12:00.930 [error] [vscode.emmet] provider FAILED
2024-11-11 15:12:00.930 [error] TypeError: Cannot read properties of undefined (reading 'start')
	at t.DefaultCompletionItemProvider.provideCompletionItemsInternal (/usr/share/code/resources/app/extensions/emmet/dist/node/emmetNodeMain.js:1:131508)
	at t.DefaultCompletionItemProvider.provideCompletionItems (/usr/share/code/resources/app/extensions/emmet/dist/node/emmetNodeMain.js:1:129817)
	at eC.provideCompletionItems (file:///usr/share/code/resources/app/out/vs/workbench/api/node/extensionHostProcess.js:137:136391)
	at file:///usr/share/code/resources/app/out/vs/workbench/api/node/extensionHostProcess.js:137:159492
	at tr.s (file:///usr/share/code/resources/app/out/vs/workbench/api/node/extensionHostProcess.js:137:150779)
	at tr.$provideCompletionItems (file:///usr/share/code/resources/app/out/vs/workbench/api/node/extensionHostProcess.js:137:159480)
	at Zb.S (file:///usr/share/code/resources/app/out/vs/workbench/api/node/extensionHostProcess.js:31:113896)
	at Zb.Q (file:///usr/share/code/resources/app/out/vs/workbench/api/node/extensionHostProcess.js:31:113676)
	at Zb.M (file:///usr/share/code/resources/app/out/vs/workbench/api/node/extensionHostProcess.js:31:112727)
	at Zb.L (file:///usr/share/code/resources/app/out/vs/workbench/api/node/extensionHostProcess.js:31:111870)
	at gh.value (file:///usr/share/code/resources/app/out/vs/workbench/api/node/extensionHostProcess.js:31:110667)
	at T.B (file:///usr/share/code/resources/app/out/vs/workbench/api/node/extensionHostProcess.js:29:732)
	at T.fire (file:///usr/share/code/resources/app/out/vs/workbench/api/node/extensionHostProcess.js:29:950)
	at no.fire (file:///usr/share/code/resources/app/out/vs/workbench/api/node/extensionHostProcess.js:31:9399)
	at gh.value (file:///usr/share/code/resources/app/out/vs/workbench/api/node/extensionHostProcess.js:174:13273)
	at T.B (file:///usr/share/code/resources/app/out/vs/workbench/api/node/extensionHostProcess.js:29:732)
	at T.fire (file:///usr/share/code/resources/app/out/vs/workbench/api/node/extensionHostProcess.js:29:950)
	at no.fire (file:///usr/share/code/resources/app/out/vs/workbench/api/node/extensionHostProcess.js:31:9399)
	at MessagePortMain.<anonymous> (file:///usr/share/code/resources/app/out/vs/workbench/api/node/extensionHostProcess.js:174:11562)
	at MessagePortMain.emit (node:events:519:28)
	at MessagePortMain._internalPort.emit (node:electron/js2c/utility_init:2:2619)
2024-11-11 15:12:01.146 [error] [vscode.emmet] provider FAILED
2024-11-11 15:12:01.147 [error] TypeError: Cannot read properties of undefined (reading 'start')
	at t.DefaultCompletionItemProvider.provideCompletionItemsInternal (/usr/share/code/resources/app/extensions/emmet/dist/node/emmetNodeMain.js:1:131508)
	at t.DefaultCompletionItemProvider.provideCompletionItems (/usr/share/code/resources/app/extensions/emmet/dist/node/emmetNodeMain.js:1:129817)
	at eC.provideCompletionItems (file:///usr/share/code/resources/app/out/vs/workbench/api/node/extensionHostProcess.js:137:136391)
	at file:///usr/share/code/resources/app/out/vs/workbench/api/node/extensionHostProcess.js:137:159492
	at tr.s (file:///usr/share/code/resources/app/out/vs/workbench/api/node/extensionHostProcess.js:137:150779)
	at tr.$provideCompletionItems (file:///usr/share/code/resources/app/out/vs/workbench/api/node/extensionHostProcess.js:137:159480)
	at Zb.S (file:///usr/share/code/resources/app/out/vs/workbench/api/node/extensionHostProcess.js:31:113896)
	at Zb.Q (file:///usr/share/code/resources/app/out/vs/workbench/api/node/extensionHostProcess.js:31:113676)
	at Zb.M (file:///usr/share/code/resources/app/out/vs/workbench/api/node/extensionHostProcess.js:31:112727)
	at Zb.L (file:///usr/share/code/resources/app/out/vs/workbench/api/node/extensionHostProcess.js:31:111870)
	at gh.value (file:///usr/share/code/resources/app/out/vs/workbench/api/node/extensionHostProcess.js:31:110667)
	at T.B (file:///usr/share/code/resources/app/out/vs/workbench/api/node/extensionHostProcess.js:29:732)
	at T.fire (file:///usr/share/code/resources/app/out/vs/workbench/api/node/extensionHostProcess.js:29:950)
	at no.fire (file:///usr/share/code/resources/app/out/vs/workbench/api/node/extensionHostProcess.js:31:9399)
	at gh.value (file:///usr/share/code/resources/app/out/vs/workbench/api/node/extensionHostProcess.js:174:13273)
	at T.B (file:///usr/share/code/resources/app/out/vs/workbench/api/node/extensionHostProcess.js:29:732)
	at T.fire (file:///usr/share/code/resources/app/out/vs/workbench/api/node/extensionHostProcess.js:29:950)
	at no.fire (file:///usr/share/code/resources/app/out/vs/workbench/api/node/extensionHostProcess.js:31:9399)
	at MessagePortMain.<anonymous> (file:///usr/share/code/resources/app/out/vs/workbench/api/node/extensionHostProcess.js:174:11562)
	at MessagePortMain.emit (node:events:519:28)
	at MessagePortMain._internalPort.emit (node:electron/js2c/utility_init:2:2619)
2024-11-11 15:12:07.313 [error] [vscode.emmet] provider FAILED
2024-11-11 15:12:07.313 [error] TypeError: Cannot read properties of undefined (reading 'start')
	at t.DefaultCompletionItemProvider.provideCompletionItemsInternal (/usr/share/code/resources/app/extensions/emmet/dist/node/emmetNodeMain.js:1:131508)
	at t.DefaultCompletionItemProvider.provideCompletionItems (/usr/share/code/resources/app/extensions/emmet/dist/node/emmetNodeMain.js:1:129817)
	at eC.provideCompletionItems (file:///usr/share/code/resources/app/out/vs/workbench/api/node/extensionHostProcess.js:137:136391)
	at file:///usr/share/code/resources/app/out/vs/workbench/api/node/extensionHostProcess.js:137:159492
	at tr.s (file:///usr/share/code/resources/app/out/vs/workbench/api/node/extensionHostProcess.js:137:150779)
	at tr.$provideCompletionItems (file:///usr/share/code/resources/app/out/vs/workbench/api/node/extensionHostProcess.js:137:159480)
	at Zb.S (file:///usr/share/code/resources/app/out/vs/workbench/api/node/extensionHostProcess.js:31:113896)
	at Zb.Q (file:///usr/share/code/resources/app/out/vs/workbench/api/node/extensionHostProcess.js:31:113676)
	at Zb.M (file:///usr/share/code/resources/app/out/vs/workbench/api/node/extensionHostProcess.js:31:112727)
	at Zb.L (file:///usr/share/code/resources/app/out/vs/workbench/api/node/extensionHostProcess.js:31:111870)
	at gh.value (file:///usr/share/code/resources/app/out/vs/workbench/api/node/extensionHostProcess.js:31:110667)
	at T.B (file:///usr/share/code/resources/app/out/vs/workbench/api/node/extensionHostProcess.js:29:732)
	at T.fire (file:///usr/share/code/resources/app/out/vs/workbench/api/node/extensionHostProcess.js:29:950)
	at no.fire (file:///usr/share/code/resources/app/out/vs/workbench/api/node/extensionHostProcess.js:31:9399)
	at gh.value (file:///usr/share/code/resources/app/out/vs/workbench/api/node/extensionHostProcess.js:174:13273)
	at T.B (file:///usr/share/code/resources/app/out/vs/workbench/api/node/extensionHostProcess.js:29:732)
	at T.fire (file:///usr/share/code/resources/app/out/vs/workbench/api/node/extensionHostProcess.js:29:950)
	at no.fire (file:///usr/share/code/resources/app/out/vs/workbench/api/node/extensionHostProcess.js:31:9399)
	at MessagePortMain.<anonymous> (file:///usr/share/code/resources/app/out/vs/workbench/api/node/extensionHostProcess.js:174:11562)
	at MessagePortMain.emit (node:events:519:28)
	at MessagePortMain._internalPort.emit (node:electron/js2c/utility_init:2:2619)
2024-11-11 15:16:46.146 [info] ExtensionService#_doActivateExtension vscode.css-language-features, startup: false, activationEvent: 'onLanguage:css'
2024-11-11 15:42:22.246 [warning] [Decorations] CAPPING events from decorations provider vscode.git 6775
2024-11-11 15:42:23.314 [warning] [Decorations] CAPPING events from decorations provider vscode.git 6776
2024-11-11 15:42:33.203 [warning] [Decorations] CAPPING events from decorations provider vscode.git 6776
2024-11-11 15:42:38.354 [warning] [Decorations] CAPPING events from decorations provider vscode.git 6777
2024-11-11 15:42:52.615 [warning] [Decorations] CAPPING events from decorations provider vscode.git 6777
2024-11-11 15:42:57.817 [warning] [Decorations] CAPPING events from decorations provider vscode.git 6777
2024-11-11 15:43:31.566 [warning] [Decorations] CAPPING events from decorations provider vscode.git 6777
2024-11-11 15:43:45.336 [warning] [Decorations] CAPPING events from decorations provider vscode.git 6777
2024-11-11 15:43:47.128 [warning] [Decorations] CAPPING events from decorations provider vscode.git 6777
2024-11-11 15:43:50.984 [warning] [Decorations] CAPPING events from decorations provider vscode.git 6777
2024-11-11 15:43:52.873 [warning] [Decorations] CAPPING events from decorations provider vscode.git 6777
2024-11-11 15:44:11.785 [info] ExtensionService#_doActivateExtension vscode.npm, startup: false, activationEvent: 'onTerminalQuickFixRequest:ms-vscode.npm-command'
2024-11-11 15:44:13.216 [warning] [Decorations] CAPPING events from decorations provider vscode.git 6777
2024-11-11 15:44:16.927 [info] ExtensionService#_doActivateExtension vscode.configuration-editing, startup: false, activationEvent: 'onLanguage:json'
2024-11-11 15:44:16.949 [info] ExtensionService#_doActivateExtension vscode.extension-editing, startup: false, activationEvent: 'onLanguage:json'
2024-11-11 15:44:16.974 [info] ExtensionService#_doActivateExtension vscode.json-language-features, startup: false, activationEvent: 'onLanguage:json'
2024-11-11 15:44:18.365 [warning] [Decorations] CAPPING events from decorations provider vscode.git 6778
2024-11-11 15:44:27.057 [warning] [Decorations] CAPPING events from decorations provider vscode.git 6778
2024-11-11 15:45:10.710 [warning] [Decorations] CAPPING events from decorations provider vscode.git 6779
2024-11-11 15:45:18.189 [warning] [Decorations] CAPPING events from decorations provider vscode.git 6779
2024-11-11 15:45:31.626 [warning] [Decorations] CAPPING events from decorations provider vscode.git 6779
2024-11-11 15:45:53.549 [warning] [Decorations] CAPPING events from decorations provider vscode.git 6779
2024-11-11 15:45:55.480 [warning] [Decorations] CAPPING events from decorations provider vscode.git 6779
