2024-10-11 19:21:19.082 [info] Extension host with pid 6267 started
2024-10-11 19:21:19.160 [info] ExtensionService#_doActivateExtension vscode.git-base, startup: true, activationEvent: '*', root cause: vscode.git
2024-10-11 19:21:19.188 [info] ExtensionService#_doActivateExtension vscode.git, startup: true, activationEvent: '*'
2024-10-11 19:21:19.438 [info] ExtensionService#_doActivateExtension vscode.github, startup: true, activationEvent: '*'
2024-10-11 19:21:19.905 [info] Eager extensions activated
2024-10-11 19:21:20.209 [info] ExtensionService#_doActivateExtension vscode.debug-auto-launch, startup: false, activationEvent: 'onStartupFinished'
2024-10-11 19:21:20.219 [info] ExtensionService#_doActivateExtension vscode.merge-conflict, startup: false, activationEvent: 'onStartupFinished'
2024-10-11 19:21:52.039 [info] ExtensionService#_doActivateExtension vscode.configuration-editing, startup: false, activationEvent: 'onLanguage:jsonc'
2024-10-11 19:21:52.086 [info] ExtensionService#_doActivateExtension vscode.json-language-features, startup: false, activationEvent: 'onLanguage:jsonc'
2024-10-11 19:21:52.218 [info] ExtensionService#_doActivateExtension vscode.typescript-language-features, startup: false, activationEvent: 'onLanguage:jsonc'
2024-10-11 19:21:52.318 [info] ExtensionService#_doActivateExtension vscode.emmet, startup: false, activationEvent: 'onLanguage'
2024-10-11 19:35:20.886 [info] Extension host terminating: renderer closed the MessagePort
2024-10-11 19:35:20.950 [info] Extension host with pid 6267 exiting with code 0
2024-10-11 19:35:23.445 [info] Extension host with pid 6575 started
2024-10-11 19:35:23.445 [info] Skipping acquiring lock for /home/amiafischer/.config/Code/User/workspaceStorage/ae69b9e04a6c67ec37f7c4d3734b5dd0.
2024-10-11 19:35:23.523 [info] ExtensionService#_doActivateExtension vscode.git-base, startup: true, activationEvent: '*'
2024-10-11 19:35:23.586 [info] ExtensionService#_doActivateExtension vscode.github, startup: true, activationEvent: '*'
2024-10-11 19:35:23.689 [info] Eager extensions activated
2024-10-11 19:35:23.760 [info] ExtensionService#_doActivateExtension vscode.debug-auto-launch, startup: false, activationEvent: 'onStartupFinished'
2024-10-11 19:35:23.767 [info] ExtensionService#_doActivateExtension vscode.merge-conflict, startup: false, activationEvent: 'onStartupFinished'
2024-10-11 19:35:27.128 [info] ExtensionService#_doActivateExtension vscode.git, startup: false, activationEvent: 'api', root cause: vscode.github
2024-10-11 19:35:54.695 [info] ExtensionService#_doActivateExtension vscode.html-language-features, startup: false, activationEvent: 'onLanguage:html'
2024-10-11 19:35:54.819 [info] ExtensionService#_doActivateExtension vscode.emmet, startup: false, activationEvent: 'onLanguage'
2024-10-11 19:43:53.510 [info] ExtensionService#_doActivateExtension ritwickdey.LiveServer, startup: false, activationEvent: 'onStartupFinished'
2024-10-11 19:51:05.081 [info] Extension host terminating: renderer closed the MessagePort
2024-10-11 19:51:05.114 [info] Extension host with pid 6575 exiting with code 0
