2024-10-13 20:22:58.383 [info] [main] Log level: Info
2024-10-13 20:22:58.383 [info] [main] Validating found git in: "git"
2024-10-13 20:22:58.383 [info] [main] Using git "2.39.5" from "git"
2024-10-13 20:22:58.383 [info] [Model][doInitialScan] Initial repository scan started
2024-10-13 20:22:58.383 [info] > git rev-parse --show-toplevel [34ms]
2024-10-13 20:22:58.383 [info] fatal: not a git repository (or any of the parent directories): .git
2024-10-13 20:22:58.383 [info] > git rev-parse --show-toplevel [242ms]
2024-10-13 20:22:58.383 [info] fatal: not a git repository (or any of the parent directories): .git
2024-10-13 20:22:58.409 [info] > git rev-parse --show-toplevel [5ms]
2024-10-13 20:22:58.410 [info] fatal: not a git repository (or any of the parent directories): .git
2024-10-13 20:22:58.443 [info] > git rev-parse --show-toplevel [10ms]
2024-10-13 20:22:58.443 [info] fatal: not a git repository (or any of the parent directories): .git
2024-10-13 20:22:58.471 [info] > git rev-parse --show-toplevel [10ms]
2024-10-13 20:22:58.471 [info] fatal: not a git repository (or any of the parent directories): .git
2024-10-13 20:22:58.539 [info] > git rev-parse --show-toplevel [49ms]
2024-10-13 20:22:58.539 [info] fatal: not a git repository (or any of the parent directories): .git
2024-10-13 20:22:58.553 [info] > git rev-parse --show-toplevel [8ms]
2024-10-13 20:22:58.553 [info] fatal: not a git repository (or any of the parent directories): .git
2024-10-13 20:22:58.562 [info] > git rev-parse --show-toplevel [3ms]
2024-10-13 20:22:58.562 [info] fatal: not a git repository (or any of the parent directories): .git
2024-10-13 20:22:58.568 [info] [Model][doInitialScan] Initial repository scan completed - repositories (0), closed repositories (0), parent repositories (0), unsafe repositories (0)
2024-10-13 20:22:58.733 [info] > git rev-parse --show-toplevel [5ms]
2024-10-13 20:22:58.733 [info] fatal: not a git repository (or any of the parent directories): .git
2024-10-13 20:22:58.835 [info] > git rev-parse --show-toplevel [6ms]
2024-10-13 20:22:58.836 [info] fatal: not a git repository (or any of the parent directories): .git
2024-10-13 20:22:58.917 [info] > git rev-parse --show-toplevel [9ms]
2024-10-13 20:22:58.918 [info] fatal: not a git repository (or any of the parent directories): .git
2024-10-13 20:22:59.107 [info] > git rev-parse --show-toplevel [2ms]
2024-10-13 20:22:59.108 [info] fatal: not a git repository (or any of the parent directories): .git
2024-10-13 20:28:18.639 [info] > git rev-parse --show-toplevel [4ms]
2024-10-13 20:28:18.639 [info] fatal: not a git repository (or any of the parent directories): .git
2024-10-13 20:28:18.939 [info] > git rev-parse --show-toplevel [7ms]
2024-10-13 20:28:18.939 [info] fatal: not a git repository (or any of the parent directories): .git
2024-10-13 20:28:46.940 [info] > git rev-parse --show-toplevel [1ms]
2024-10-13 20:28:46.940 [info] fatal: not a git repository (or any of the parent directories): .git
2024-10-13 20:28:48.477 [info] > git rev-parse --show-toplevel [1ms]
2024-10-13 20:28:48.477 [info] fatal: not a git repository (or any of the parent directories): .git
2024-10-13 20:30:39.996 [info] > git rev-parse --show-toplevel [9ms]
2024-10-13 20:30:39.996 [info] fatal: not a git repository (or any of the parent directories): .git
2024-10-13 20:31:15.951 [info] > git rev-parse --show-toplevel [2ms]
2024-10-13 20:31:15.951 [info] fatal: not a git repository (or any of the parent directories): .git
2024-10-13 20:31:47.852 [info] > git rev-parse --show-toplevel [4ms]
2024-10-13 20:31:47.852 [info] fatal: not a git repository (or any of the parent directories): .git
2024-10-13 20:31:53.255 [info] > git rev-parse --show-toplevel [2ms]
2024-10-13 20:31:53.255 [info] fatal: not a git repository (or any of the parent directories): .git
2024-10-13 20:32:00.963 [info] > git rev-parse --show-toplevel [2ms]
2024-10-13 20:32:00.963 [info] fatal: not a git repository (or any of the parent directories): .git
2024-10-13 20:33:44.057 [info] > git rev-parse --show-toplevel [4ms]
2024-10-13 20:33:44.057 [info] fatal: not a git repository (or any of the parent directories): .git
