2024-10-11 19:21:16.799 [info] Added views:outline in workbench.view.explorer
2024-10-11 19:21:16.799 [info] Added views:workbench.view.search in workbench.view.search
2024-10-11 19:21:16.799 [info] Added views:workbench.scm in workbench.view.scm
2024-10-11 19:21:16.799 [info] Added views:workbench.panel.markers.view in workbench.panel.markers
2024-10-11 19:21:16.799 [info] Added views:workbench.panel.output in workbench.panel.output
2024-10-11 19:21:16.799 [info] Added views:terminal in terminal
2024-10-11 19:21:16.799 [info] Added views:timeline in workbench.view.explorer
2024-10-11 19:21:16.799 [info] Added views:workbench.explorer.emptyView in workbench.view.explorer
2024-10-11 19:21:18.644 [info] Added views:workbench.debug.variablesView,workbench.debug.watchExpressionsView,workbench.debug.callStackView,workbench.debug.breakPointsView in workbench.view.debug
2024-10-11 19:21:19.157 [info] Added views:workbench.panel.repl.view in workbench.panel.repl
2024-10-11 19:21:19.158 [info] Removed views:workbench.debug.breakPointsView,workbench.debug.callStackView,workbench.debug.watchExpressionsView,workbench.debug.variablesView from workbench.view.debug
2024-10-11 19:21:19.159 [info] Added views:workbench.debug.welcome in workbench.view.debug
2024-10-11 19:21:19.236 [info] Added views:~remote.forwardedPorts in ~remote.forwardedPortsContainer
2024-10-11 19:22:45.920 [info] Added views:workbench.views.extensions.installed,workbench.views.extensions.popular,extensions.recommendedList in workbench.view.extensions
2024-10-11 19:22:45.922 [info] Removed views:workbench.views.extensions.popular from workbench.view.extensions
2024-10-11 19:22:46.267 [info] Added views:workbench.views.extensions.popular in workbench.view.extensions
2024-10-11 19:22:46.561 [info] Removed views:extensions.recommendedList,workbench.views.extensions.popular,workbench.views.extensions.installed from workbench.view.extensions
2024-10-11 19:22:46.576 [info] Added views:workbench.views.extensions.marketplace in workbench.view.extensions
2024-10-11 19:35:21.953 [info] Added views:outline in workbench.view.explorer
2024-10-11 19:35:21.953 [info] Added views:workbench.view.search in workbench.view.search
2024-10-11 19:35:21.953 [info] Added views:workbench.scm in workbench.view.scm
2024-10-11 19:35:21.953 [info] Added views:workbench.panel.markers.view in workbench.panel.markers
2024-10-11 19:35:21.953 [info] Added views:workbench.panel.output in workbench.panel.output
2024-10-11 19:35:21.953 [info] Added views:terminal in terminal
2024-10-11 19:35:21.953 [info] Added views:timeline in workbench.view.explorer
2024-10-11 19:35:21.953 [info] Added views:workbench.explorer.fileView in workbench.view.explorer
2024-10-11 19:35:22.267 [info] Added views:workbench.debug.variablesView,workbench.debug.watchExpressionsView,workbench.debug.callStackView,workbench.debug.breakPointsView in workbench.view.debug
2024-10-11 19:35:23.510 [info] Added views:workbench.panel.repl.view in workbench.panel.repl
2024-10-11 19:35:23.518 [info] Removed views:workbench.debug.breakPointsView,workbench.debug.callStackView,workbench.debug.watchExpressionsView,workbench.debug.variablesView from workbench.view.debug
2024-10-11 19:35:23.520 [info] Added views:workbench.debug.welcome in workbench.view.debug
2024-10-11 19:35:23.609 [info] Added views:~remote.forwardedPorts in ~remote.forwardedPortsContainer
2024-10-11 19:42:04.007 [info] Added views:workbench.views.extensions.installed,workbench.views.extensions.popular,extensions.recommendedList in workbench.view.extensions
2024-10-11 19:42:04.013 [info] Removed views:workbench.views.extensions.popular from workbench.view.extensions
2024-10-11 19:42:04.269 [info] Added views:workbench.views.extensions.popular in workbench.view.extensions
2024-10-11 19:42:13.430 [info] Removed views:extensions.recommendedList,workbench.views.extensions.popular,workbench.views.extensions.installed from workbench.view.extensions
2024-10-11 19:42:13.445 [info] Added views:workbench.views.extensions.marketplace in workbench.view.extensions
2024-10-11 19:42:14.074 [info] Removed views:workbench.views.extensions.marketplace from workbench.view.extensions
2024-10-11 19:42:14.097 [info] Added views:workbench.views.extensions.installed,workbench.views.extensions.popular,extensions.recommendedList in workbench.view.extensions
2024-10-11 19:42:15.922 [info] Removed views:extensions.recommendedList,workbench.views.extensions.popular,workbench.views.extensions.installed from workbench.view.extensions
2024-10-11 19:42:15.935 [info] Added views:workbench.views.extensions.marketplace in workbench.view.extensions
2024-10-11 19:42:53.537 [info] Removed views:workbench.views.extensions.marketplace from workbench.view.extensions
2024-10-11 19:42:53.568 [info] Added views:workbench.views.extensions.installed,workbench.views.extensions.popular,extensions.recommendedList in workbench.view.extensions
2024-10-11 19:42:55.785 [info] Removed views:extensions.recommendedList,workbench.views.extensions.popular,workbench.views.extensions.installed from workbench.view.extensions
2024-10-11 19:42:55.799 [info] Added views:workbench.views.extensions.marketplace in workbench.view.extensions
